Performing C SOURCE FILE Test CMAKE_HAVE_LIBC_PTHREAD failed with the following output:
Change Dir: /mnt/c/Users/Marcos/Desktop/Meus projetos/Big-Data-IC/build/CMakeFiles/CMakeTmp

Run Build Command(s):/usr/bin/make cmTC_45dcf/fast && /usr/bin/make -f CMakeFiles/cmTC_45dcf.dir/build.make CMakeFiles/cmTC_45dcf.dir/build
make[1]: Entering directory '/mnt/c/Users/Marcos/Desktop/Meus projetos/Big-Data-IC/build/CMakeFiles/CMakeTmp'
Building C object CMakeFiles/cmTC_45dcf.dir/src.c.o
/bin/x86_64-linux-gnu-gcc-9   -DCMAKE_HAVE_LIBC_PTHREAD -fPIE   -std=gnu99 -o CMakeFiles/cmTC_45dcf.dir/src.c.o   -c "/mnt/c/Users/Marcos/Desktop/Meus projetos/Big-Data-IC/build/CMakeFiles/CMakeTmp/src.c"
Linking C executable cmTC_45dcf
/usr/bin/cmake -E cmake_link_script CMakeFiles/cmTC_45dcf.dir/link.txt --verbose=1
/bin/x86_64-linux-gnu-gcc-9  -DCMAKE_HAVE_LIBC_PTHREAD    CMakeFiles/cmTC_45dcf.dir/src.c.o  -o cmTC_45dcf 
/usr/bin/ld: CMakeFiles/cmTC_45dcf.dir/src.c.o: in function `main':
src.c:(.text+0x46): undefined reference to `pthread_create'
/usr/bin/ld: src.c:(.text+0x52): undefined reference to `pthread_detach'
/usr/bin/ld: src.c:(.text+0x63): undefined reference to `pthread_join'
collect2: error: ld returned 1 exit status
make[1]: *** [CMakeFiles/cmTC_45dcf.dir/build.make:87: cmTC_45dcf] Error 1
make[1]: Leaving directory '/mnt/c/Users/Marcos/Desktop/Meus projetos/Big-Data-IC/build/CMakeFiles/CMakeTmp'
make: *** [Makefile:121: cmTC_45dcf/fast] Error 2


Source file was:
#include <pthread.h>

void* test_func(void* data)
{
  return data;
}

int main(void)
{
  pthread_t thread;
  pthread_create(&thread, NULL, test_func, NULL);
  pthread_detach(thread);
  pthread_join(thread, NULL);
  pthread_atfork(NULL, NULL, NULL);
  pthread_exit(NULL);

  return 0;
}

Determining if the function pthread_create exists in the pthreads failed with the following output:
Change Dir: /mnt/c/Users/Marcos/Desktop/Meus projetos/Big-Data-IC/build/CMakeFiles/CMakeTmp

Run Build Command(s):/usr/bin/make cmTC_8d6a2/fast && /usr/bin/make -f CMakeFiles/cmTC_8d6a2.dir/build.make CMakeFiles/cmTC_8d6a2.dir/build
make[1]: Entering directory '/mnt/c/Users/Marcos/Desktop/Meus projetos/Big-Data-IC/build/CMakeFiles/CMakeTmp'
Building C object CMakeFiles/cmTC_8d6a2.dir/CheckFunctionExists.c.o
/bin/x86_64-linux-gnu-gcc-9   -DCHECK_FUNCTION_EXISTS=pthread_create -fPIE   -std=gnu99 -o CMakeFiles/cmTC_8d6a2.dir/CheckFunctionExists.c.o   -c /usr/share/cmake-3.16/Modules/CheckFunctionExists.c
Linking C executable cmTC_8d6a2
/usr/bin/cmake -E cmake_link_script CMakeFiles/cmTC_8d6a2.dir/link.txt --verbose=1
/bin/x86_64-linux-gnu-gcc-9  -DCHECK_FUNCTION_EXISTS=pthread_create    CMakeFiles/cmTC_8d6a2.dir/CheckFunctionExists.c.o  -o cmTC_8d6a2  -lpthreads 
/usr/bin/ld: cannot find -lpthreads
collect2: error: ld returned 1 exit status
make[1]: *** [CMakeFiles/cmTC_8d6a2.dir/build.make:87: cmTC_8d6a2] Error 1
make[1]: Leaving directory '/mnt/c/Users/Marcos/Desktop/Meus projetos/Big-Data-IC/build/CMakeFiles/CMakeTmp'
make: *** [Makefile:121: cmTC_8d6a2/fast] Error 2



