--------------------BENCHMARK------------------
-----------------------------------------------
True value := 1000
-----------------------------------------------
Using Morris Algorithm: 
Value predicted := 255
Fail prob := 200%
-----------------------------------------------
-----------------------------------------------
Using Morris Plus Algorithm(20 copys): 
Value predicted := 907
Fail prob := 10%
-----------------------------------------------
-----------------------------------------------
Using Morris Plus Plus Algorithm(83 copys): 
Value predicted := 949
Fail prob := 10%
-----------------------------------------------

Printing fails for Morris Algorithm:

1: 0%	2: 0%	3: 39%	4: 50%	5: 15%	6: 18%	7: 51%	8: 57%	9: 56%	10: 28%	11: 29%	12: 24%	13: 22%	14: 25%	15: 58%	16: 55%	17: 57%	18: 58%	19: 60%	20: 61%	
21: 23%	22: 23%	23: 23%	24: 19%	25: 20%	26: 22%	27: 21%	28: 22%	29: 21%	30: 23%	31: 50%	32: 51%	33: 52%	34: 51%	35: 50%	36: 50%	37: 50%	38: 54%	39: 53%	40: 54%	
41: 55%	42: 23%	43: 22%	44: 20%	45: 21%	46: 21%	47: 22%	48: 23%	49: 24%	50: 24%	51: 24%	52: 24%	53: 25%	54: 26%	55: 23%	56: 23%	57: 24%	58: 24%	59: 23%	60: 23%	
61: 23%	62: 23%	63: 56%	64: 56%	65: 56%	66: 56%	67: 56%	68: 56%	69: 55%	70: 56%	71: 56%	72: 55%	73: 56%	74: 56%	75: 55%	76: 54%	77: 54%	78: 55%	79: 54%	80: 54%	
81: 55%	82: 55%	83: 54%	84: 53%	85: 25%	86: 25%	87: 25%	88: 24%	89: 22%	90: 22%	91: 22%	92: 22%	93: 23%	94: 22%	95: 21%	96: 21%	97: 22%	98: 23%	99: 23%	100: 24%	
101: 24%	102: 24%	103: 24%	104: 25%	105: 26%	106: 25%	107: 25%	108: 26%	109: 27%	110: 26%	111: 26%	112: 27%	113: 27%	114: 28%	115: 29%	116: 30%	117: 30%	118: 31%	119: 30%	120: 30%	
121: 31%	122: 31%	123: 30%	124: 30%	125: 30%	126: 30%	127: 65%	128: 65%	129: 65%	130: 63%	131: 63%	132: 63%	133: 65%	134: 64%	135: 64%	136: 64%	137: 62%	138: 62%	139: 62%	140: 62%	
141: 62%	142: 62%	143: 62%	144: 62%	145: 62%	146: 60%	147: 60%	148: 60%	149: 60%	150: 60%	151: 61%	152: 61%	153: 61%	154: 60%	155: 59%	156: 59%	157: 60%	158: 59%	159: 60%	160: 61%	
161: 61%	162: 59%	163: 60%	164: 60%	165: 59%	166: 59%	167: 59%	168: 59%	169: 57%	170: 29%	171: 29%	172: 29%	173: 28%	174: 28%	175: 28%	176: 28%	177: 28%	178: 26%	179: 26%	180: 25%	
181: 25%	182: 26%	183: 26%	184: 26%	185: 26%	186: 26%	187: 26%	188: 26%	189: 26%	190: 26%	191: 26%	192: 25%	193: 24%	194: 24%	195: 24%	196: 24%	197: 24%	198: 24%	199: 24%	200: 24%	
201: 24%	202: 24%	203: 24%	204: 24%	205: 24%	206: 24%	207: 24%	208: 24%	209: 24%	210: 24%	211: 25%	212: 25%	213: 25%	214: 25%	215: 25%	216: 25%	217: 25%	218: 25%	219: 25%	220: 25%	
221: 25%	222: 25%	223: 25%	224: 25%	225: 25%	226: 25%	227: 25%	228: 25%	229: 24%	230: 24%	231: 24%	232: 25%	233: 25%	234: 25%	235: 25%	236: 25%	237: 25%	238: 26%	239: 25%	240: 26%	
241: 26%	242: 26%	243: 26%	244: 26%	245: 26%	246: 25%	247: 24%	248: 25%	249: 25%	250: 24%	251: 24%	252: 24%	253: 24%	254: 24%	255: 60%	256: 60%	257: 59%	258: 58%	259: 58%	260: 58%	
261: 58%	262: 58%	263: 58%	264: 59%	265: 57%	266: 57%	267: 56%	268: 56%	269: 56%	270: 54%	271: 53%	272: 53%	273: 53%	274: 53%	275: 53%	276: 53%	277: 53%	278: 52%	279: 52%	280: 52%	
281: 52%	282: 51%	283: 51%	284: 51%	285: 51%	286: 51%	287: 51%	288: 51%	289: 51%	290: 50%	291: 50%	292: 50%	293: 50%	294: 49%	295: 49%	296: 49%	297: 49%	298: 49%	299: 49%	300: 49%	
301: 49%	302: 49%	303: 50%	304: 50%	305: 50%	306: 50%	307: 51%	308: 51%	309: 51%	310: 51%	311: 51%	312: 52%	313: 52%	314: 52%	315: 52%	316: 53%	317: 53%	318: 52%	319: 52%	320: 53%	
321: 53%	322: 52%	323: 52%	324: 52%	325: 52%	326: 52%	327: 53%	328: 53%	329: 54%	330: 54%	331: 54%	332: 54%	333: 54%	334: 54%	335: 54%	336: 54%	337: 54%	338: 55%	339: 55%	340: 56%	
341: 32%	342: 31%	343: 31%	344: 31%	345: 31%	346: 31%	347: 31%	348: 31%	349: 31%	350: 31%	351: 31%	352: 31%	353: 31%	354: 31%	355: 31%	356: 31%	357: 30%	358: 30%	359: 30%	360: 29%	
361: 29%	362: 29%	363: 29%	364: 29%	365: 29%	366: 29%	367: 29%	368: 29%	369: 29%	370: 29%	371: 29%	372: 29%	373: 29%	374: 28%	375: 28%	376: 28%	377: 28%	378: 28%	379: 28%	380: 28%	
381: 27%	382: 27%	383: 27%	384: 27%	385: 27%	386: 26%	387: 25%	388: 25%	389: 24%	390: 24%	391: 24%	392: 24%	393: 24%	394: 24%	395: 23%	396: 24%	397: 24%	398: 24%	399: 24%	400: 24%	
401: 25%	402: 26%	403: 26%	404: 26%	405: 26%	406: 26%	407: 26%	408: 26%	409: 26%	410: 26%	411: 26%	412: 26%	413: 26%	414: 26%	415: 26%	416: 26%	417: 26%	418: 26%	419: 26%	420: 26%	
421: 26%	422: 26%	423: 26%	424: 25%	425: 24%	426: 25%	427: 25%	428: 25%	429: 25%	430: 25%	431: 25%	432: 25%	433: 25%	434: 23%	435: 23%	436: 23%	437: 23%	438: 23%	439: 23%	440: 23%	
441: 23%	442: 23%	443: 23%	444: 23%	445: 23%	446: 24%	447: 24%	448: 24%	449: 24%	450: 23%	451: 23%	452: 23%	453: 23%	454: 23%	455: 23%	456: 24%	457: 24%	458: 24%	459: 25%	460: 25%	
461: 25%	462: 26%	463: 26%	464: 26%	465: 27%	466: 27%	467: 27%	468: 28%	469: 28%	470: 27%	471: 28%	472: 27%	473: 27%	474: 26%	475: 26%	476: 26%	477: 25%	478: 25%	479: 25%	480: 25%	
481: 25%	482: 25%	483: 25%	484: 25%	485: 25%	486: 25%	487: 25%	488: 25%	489: 25%	490: 25%	491: 25%	492: 25%	493: 25%	494: 25%	495: 25%	496: 25%	497: 25%	498: 25%	499: 25%	500: 25%	
501: 25%	502: 25%	503: 25%	504: 25%	505: 25%	506: 25%	507: 25%	508: 25%	509: 25%	510: 25%	511: 61%	512: 62%	513: 62%	514: 62%	515: 62%	516: 62%	517: 62%	518: 62%	519: 62%	520: 62%	
521: 61%	522: 61%	523: 61%	524: 61%	525: 61%	526: 61%	527: 61%	528: 61%	529: 62%	530: 62%	531: 62%	532: 62%	533: 62%	534: 62%	535: 62%	536: 62%	537: 62%	538: 62%	539: 61%	540: 60%	
541: 60%	542: 60%	543: 60%	544: 60%	545: 60%	546: 59%	547: 59%	548: 59%	549: 58%	550: 58%	551: 58%	552: 58%	553: 58%	554: 58%	555: 58%	556: 58%	557: 58%	558: 58%	559: 58%	560: 59%	
561: 59%	562: 60%	563: 60%	564: 60%	565: 61%	566: 61%	567: 61%	568: 61%	569: 60%	570: 60%	571: 60%	572: 60%	573: 59%	574: 59%	575: 59%	576: 59%	577: 59%	578: 59%	579: 59%	580: 59%	
581: 59%	582: 59%	583: 59%	584: 59%	585: 59%	586: 59%	587: 59%	588: 60%	589: 60%	590: 60%	591: 60%	592: 60%	593: 60%	594: 60%	595: 59%	596: 59%	597: 59%	598: 59%	599: 59%	600: 59%	
601: 59%	602: 59%	603: 59%	604: 59%	605: 59%	606: 59%	607: 59%	608: 59%	609: 59%	610: 60%	611: 60%	612: 60%	613: 60%	614: 61%	615: 61%	616: 61%	617: 61%	618: 61%	619: 61%	620: 62%	
621: 62%	622: 62%	623: 62%	624: 62%	625: 62%	626: 62%	627: 62%	628: 62%	629: 62%	630: 62%	631: 62%	632: 62%	633: 62%	634: 62%	635: 62%	636: 62%	637: 62%	638: 62%	639: 62%	640: 61%	
641: 61%	642: 61%	643: 61%	644: 61%	645: 61%	646: 61%	647: 61%	648: 61%	649: 61%	650: 61%	651: 61%	652: 58%	653: 58%	654: 58%	655: 58%	656: 59%	657: 59%	658: 58%	659: 58%	660: 58%	
661: 59%	662: 59%	663: 59%	664: 59%	665: 59%	666: 59%	667: 59%	668: 59%	669: 59%	670: 59%	671: 58%	672: 58%	673: 58%	674: 58%	675: 58%	676: 58%	677: 58%	678: 59%	679: 59%	680: 59%	
681: 59%	682: 31%	683: 31%	684: 31%	685: 30%	686: 30%	687: 30%	688: 30%	689: 30%	690: 30%	691: 30%	692: 30%	693: 30%	694: 30%	695: 30%	696: 30%	697: 30%	698: 30%	699: 30%	700: 30%	
701: 30%	702: 30%	703: 30%	704: 30%	705: 30%	706: 30%	707: 30%	708: 30%	709: 31%	710: 31%	711: 31%	712: 31%	713: 31%	714: 31%	715: 31%	716: 31%	717: 31%	718: 31%	719: 31%	720: 31%	
721: 30%	722: 30%	723: 30%	724: 30%	725: 30%	726: 30%	727: 30%	728: 30%	729: 30%	730: 30%	731: 30%	732: 30%	733: 31%	734: 31%	735: 31%	736: 31%	737: 31%	738: 31%	739: 31%	740: 31%	
741: 31%	742: 31%	743: 31%	744: 31%	745: 31%	746: 31%	747: 30%	748: 30%	749: 29%	750: 29%	751: 29%	752: 29%	753: 29%	754: 28%	755: 28%	756: 28%	757: 28%	758: 28%	759: 28%	760: 28%	
761: 27%	762: 27%	763: 27%	764: 27%	765: 27%	766: 26%	767: 26%	768: 26%	769: 26%	770: 26%	771: 26%	772: 26%	773: 26%	774: 26%	775: 26%	776: 26%	777: 26%	778: 26%	779: 26%	780: 26%	
781: 26%	782: 26%	783: 26%	784: 26%	785: 26%	786: 26%	787: 27%	788: 27%	789: 27%	790: 27%	791: 27%	792: 27%	793: 27%	794: 26%	795: 26%	796: 25%	797: 24%	798: 24%	799: 24%	800: 24%	
801: 24%	802: 24%	803: 24%	804: 24%	805: 24%	806: 24%	807: 24%	808: 24%	809: 24%	810: 24%	811: 24%	812: 23%	813: 23%	814: 23%	815: 23%	816: 22%	817: 22%	818: 22%	819: 22%	820: 22%	
821: 22%	822: 22%	823: 22%	824: 23%	825: 23%	826: 23%	827: 23%	828: 24%	829: 24%	830: 24%	831: 24%	832: 24%	833: 24%	834: 24%	835: 23%	836: 23%	837: 23%	838: 23%	839: 23%	840: 23%	
841: 22%	842: 22%	843: 21%	844: 20%	845: 20%	846: 20%	847: 20%	848: 20%	849: 20%	850: 20%	851: 20%	852: 20%	853: 19%	854: 19%	855: 19%	856: 19%	857: 19%	858: 20%	859: 20%	860: 20%	
861: 20%	862: 20%	863: 19%	864: 19%	865: 19%	866: 19%	867: 19%	868: 19%	869: 19%	870: 19%	871: 19%	872: 19%	873: 19%	874: 19%	875: 19%	876: 19%	877: 19%	878: 19%	879: 19%	880: 19%	
881: 19%	882: 19%	883: 19%	884: 19%	885: 20%	886: 20%	887: 20%	888: 20%	889: 20%	890: 20%	891: 20%	892: 20%	893: 20%	894: 20%	895: 20%	896: 20%	897: 20%	898: 20%	899: 20%	900: 19%	
901: 19%	902: 19%	903: 19%	904: 19%	905: 19%	906: 19%	907: 19%	908: 19%	909: 19%	910: 19%	911: 19%	912: 19%	913: 19%	914: 19%	915: 19%	916: 19%	917: 19%	918: 19%	919: 19%	920: 19%	
921: 19%	922: 19%	923: 19%	924: 19%	925: 19%	926: 19%	927: 19%	928: 19%	929: 19%	930: 19%	931: 19%	932: 19%	933: 19%	934: 19%	935: 18%	936: 18%	937: 18%	938: 18%	939: 18%	940: 18%	
941: 18%	942: 18%	943: 18%	944: 18%	945: 18%	946: 18%	947: 18%	948: 18%	949: 18%	950: 19%	951: 19%	952: 19%	953: 19%	954: 19%	955: 19%	956: 19%	957: 19%	958: 19%	959: 19%	960: 19%	
961: 19%	962: 19%	963: 19%	964: 19%	965: 18%	966: 18%	967: 18%	968: 18%	969: 18%	970: 18%	971: 18%	972: 18%	973: 18%	974: 18%	975: 18%	976: 18%	977: 18%	978: 18%	979: 18%	980: 18%	
981: 18%	982: 18%	983: 18%	984: 18%	985: 18%	986: 18%	987: 18%	988: 18%	989: 18%	990: 18%	991: 18%	992: 18%	993: 18%	994: 18%	995: 18%	996: 18%	997: 18%	998: 19%	999: 19%	1000: 19%	

Printing fails for Morris Plus Algorithm:

1: 0%	2: 0%	3: 0%	4: 0%	5: 0%	6: 0%	7: 0%	8: 0%	9: 0%	10: 0%	11: 0%	12: 0%	13: 0%	14: 0%	15: 0%	16: 0%	17: 0%	18: 0%	19: 0%	20: 0%	
21: 0%	22: 0%	23: 0%	24: 0%	25: 0%	26: 0%	27: 0%	28: 0%	29: 0%	30: 0%	31: 0%	32: 0%	33: 0%	34: 0%	35: 0%	36: 0%	37: 0%	38: 0%	39: 0%	40: 0%	
41: 0%	42: 0%	43: 0%	44: 1%	45: 1%	46: 1%	47: 1%	48: 1%	49: 1%	50: 0%	51: 0%	52: 0%	53: 0%	54: 0%	55: 0%	56: 0%	57: 0%	58: 0%	59: 0%	60: 0%	
61: 0%	62: 0%	63: 1%	64: 0%	65: 0%	66: 0%	67: 0%	68: 1%	69: 1%	70: 1%	71: 1%	72: 1%	73: 1%	74: 1%	75: 1%	76: 1%	77: 1%	78: 1%	79: 1%	80: 1%	
81: 1%	82: 1%	83: 1%	84: 1%	85: 1%	86: 1%	87: 1%	88: 1%	89: 1%	90: 1%	91: 1%	92: 1%	93: 1%	94: 1%	95: 1%	96: 1%	97: 1%	98: 0%	99: 1%	100: 1%	
101: 1%	102: 1%	103: 1%	104: 1%	105: 1%	106: 1%	107: 1%	108: 1%	109: 2%	110: 2%	111: 2%	112: 1%	113: 1%	114: 2%	115: 2%	116: 2%	117: 2%	118: 2%	119: 1%	120: 1%	
121: 1%	122: 1%	123: 1%	124: 1%	125: 1%	126: 1%	127: 1%	128: 0%	129: 1%	130: 0%	131: 1%	132: 1%	133: 1%	134: 1%	135: 1%	136: 1%	137: 1%	138: 1%	139: 1%	140: 1%	
141: 1%	142: 1%	143: 1%	144: 0%	145: 0%	146: 0%	147: 1%	148: 0%	149: 0%	150: 0%	151: 0%	152: 1%	153: 0%	154: 0%	155: 0%	156: 0%	157: 0%	158: 1%	159: 2%	160: 1%	
161: 1%	162: 1%	163: 1%	164: 1%	165: 1%	166: 1%	167: 1%	168: 0%	169: 0%	170: 1%	171: 1%	172: 1%	173: 0%	174: 0%	175: 0%	176: 0%	177: 0%	178: 0%	179: 0%	180: 0%	
181: 0%	182: 0%	183: 0%	184: 0%	185: 0%	186: 0%	187: 0%	188: 1%	189: 0%	190: 0%	191: 0%	192: 0%	193: 0%	194: 0%	195: 0%	196: 1%	197: 1%	198: 1%	199: 1%	200: 1%	
201: 1%	202: 0%	203: 0%	204: 0%	205: 0%	206: 0%	207: 0%	208: 0%	209: 0%	210: 0%	211: 0%	212: 0%	213: 0%	214: 0%	215: 0%	216: 0%	217: 0%	218: 0%	219: 0%	220: 0%	
221: 0%	222: 0%	223: 0%	224: 0%	225: 0%	226: 0%	227: 0%	228: 0%	229: 0%	230: 0%	231: 0%	232: 0%	233: 0%	234: 0%	235: 0%	236: 0%	237: 0%	238: 0%	239: 0%	240: 0%	
241: 0%	242: 0%	243: 0%	244: 0%	245: 0%	246: 0%	247: 0%	248: 0%	249: 0%	250: 0%	251: 0%	252: 0%	253: 0%	254: 0%	255: 0%	256: 0%	257: 0%	258: 0%	259: 0%	260: 0%	
261: 0%	262: 0%	263: 0%	264: 0%	265: 0%	266: 0%	267: 0%	268: 0%	269: 0%	270: 0%	271: 0%	272: 0%	273: 0%	274: 0%	275: 0%	276: 0%	277: 0%	278: 0%	279: 0%	280: 0%	
281: 0%	282: 0%	283: 0%	284: 0%	285: 0%	286: 0%	287: 1%	288: 1%	289: 1%	290: 1%	291: 1%	292: 1%	293: 1%	294: 1%	295: 1%	296: 1%	297: 1%	298: 0%	299: 0%	300: 0%	
301: 0%	302: 0%	303: 0%	304: 0%	305: 0%	306: 0%	307: 0%	308: 0%	309: 0%	310: 0%	311: 0%	312: 0%	313: 0%	314: 0%	315: 0%	316: 0%	317: 0%	318: 0%	319: 0%	320: 0%	
321: 0%	322: 0%	323: 0%	324: 0%	325: 0%	326: 0%	327: 0%	328: 0%	329: 0%	330: 0%	331: 0%	332: 0%	333: 0%	334: 0%	335: 0%	336: 0%	337: 0%	338: 0%	339: 0%	340: 0%	
341: 0%	342: 0%	343: 0%	344: 0%	345: 0%	346: 0%	347: 0%	348: 0%	349: 0%	350: 0%	351: 0%	352: 0%	353: 0%	354: 0%	355: 0%	356: 0%	357: 0%	358: 0%	359: 0%	360: 0%	
361: 0%	362: 0%	363: 0%	364: 0%	365: 0%	366: 0%	367: 0%	368: 0%	369: 0%	370: 0%	371: 0%	372: 0%	373: 0%	374: 0%	375: 0%	376: 0%	377: 0%	378: 0%	379: 0%	380: 0%	
381: 0%	382: 0%	383: 0%	384: 0%	385: 0%	386: 0%	387: 0%	388: 0%	389: 0%	390: 0%	391: 0%	392: 0%	393: 0%	394: 0%	395: 0%	396: 0%	397: 0%	398: 0%	399: 0%	400: 0%	
401: 0%	402: 0%	403: 0%	404: 0%	405: 0%	406: 0%	407: 0%	408: 0%	409: 0%	410: 0%	411: 0%	412: 0%	413: 0%	414: 0%	415: 0%	416: 0%	417: 0%	418: 0%	419: 0%	420: 0%	
421: 1%	422: 1%	423: 1%	424: 1%	425: 1%	426: 1%	427: 1%	428: 1%	429: 1%	430: 1%	431: 1%	432: 1%	433: 1%	434: 1%	435: 1%	436: 1%	437: 1%	438: 1%	439: 1%	440: 1%	
441: 1%	442: 1%	443: 0%	444: 1%	445: 1%	446: 1%	447: 1%	448: 0%	449: 0%	450: 0%	451: 0%	452: 0%	453: 0%	454: 0%	455: 0%	456: 0%	457: 0%	458: 0%	459: 0%	460: 0%	
461: 0%	462: 0%	463: 0%	464: 0%	465: 0%	466: 0%	467: 0%	468: 0%	469: 0%	470: 0%	471: 0%	472: 0%	473: 0%	474: 0%	475: 0%	476: 0%	477: 0%	478: 0%	479: 0%	480: 0%	
481: 0%	482: 0%	483: 0%	484: 0%	485: 0%	486: 0%	487: 0%	488: 0%	489: 0%	490: 0%	491: 0%	492: 0%	493: 0%	494: 0%	495: 0%	496: 0%	497: 0%	498: 0%	499: 0%	500: 0%	
501: 0%	502: 0%	503: 0%	504: 0%	505: 0%	506: 0%	507: 0%	508: 0%	509: 0%	510: 0%	511: 0%	512: 0%	513: 0%	514: 0%	515: 0%	516: 0%	517: 0%	518: 0%	519: 0%	520: 0%	
521: 0%	522: 0%	523: 0%	524: 0%	525: 0%	526: 0%	527: 0%	528: 0%	529: 0%	530: 0%	531: 0%	532: 0%	533: 0%	534: 0%	535: 0%	536: 0%	537: 0%	538: 0%	539: 0%	540: 0%	
541: 0%	542: 0%	543: 0%	544: 0%	545: 1%	546: 1%	547: 1%	548: 1%	549: 1%	550: 1%	551: 1%	552: 1%	553: 1%	554: 1%	555: 1%	556: 1%	557: 1%	558: 1%	559: 1%	560: 1%	
561: 1%	562: 1%	563: 1%	564: 1%	565: 1%	566: 1%	567: 1%	568: 1%	569: 1%	570: 1%	571: 0%	572: 0%	573: 0%	574: 0%	575: 0%	576: 0%	577: 0%	578: 0%	579: 0%	580: 0%	
581: 0%	582: 0%	583: 1%	584: 1%	585: 1%	586: 1%	587: 1%	588: 1%	589: 1%	590: 1%	591: 1%	592: 1%	593: 1%	594: 1%	595: 1%	596: 1%	597: 1%	598: 1%	599: 1%	600: 1%	
601: 1%	602: 1%	603: 1%	604: 1%	605: 1%	606: 1%	607: 1%	608: 1%	609: 1%	610: 1%	611: 1%	612: 1%	613: 1%	614: 1%	615: 1%	616: 1%	617: 1%	618: 1%	619: 1%	620: 1%	
621: 1%	622: 1%	623: 1%	624: 1%	625: 1%	626: 1%	627: 1%	628: 1%	629: 1%	630: 1%	631: 1%	632: 1%	633: 1%	634: 1%	635: 1%	636: 1%	637: 1%	638: 1%	639: 1%	640: 1%	
641: 1%	642: 1%	643: 1%	644: 1%	645: 1%	646: 1%	647: 1%	648: 0%	649: 0%	650: 0%	651: 0%	652: 0%	653: 0%	654: 0%	655: 0%	656: 0%	657: 0%	658: 0%	659: 0%	660: 0%	
661: 0%	662: 1%	663: 1%	664: 1%	665: 1%	666: 1%	667: 1%	668: 1%	669: 1%	670: 1%	671: 1%	672: 1%	673: 1%	674: 0%	675: 0%	676: 0%	677: 0%	678: 0%	679: 0%	680: 0%	
681: 0%	682: 0%	683: 0%	684: 0%	685: 0%	686: 0%	687: 0%	688: 1%	689: 1%	690: 0%	691: 0%	692: 0%	693: 0%	694: 0%	695: 0%	696: 0%	697: 0%	698: 0%	699: 0%	700: 0%	
701: 0%	702: 0%	703: 0%	704: 0%	705: 0%	706: 0%	707: 0%	708: 0%	709: 0%	710: 0%	711: 0%	712: 0%	713: 0%	714: 0%	715: 0%	716: 0%	717: 0%	718: 0%	719: 0%	720: 0%	
721: 0%	722: 0%	723: 0%	724: 0%	725: 0%	726: 0%	727: 0%	728: 1%	729: 1%	730: 1%	731: 1%	732: 1%	733: 1%	734: 1%	735: 1%	736: 1%	737: 1%	738: 1%	739: 1%	740: 1%	
741: 1%	742: 1%	743: 1%	744: 1%	745: 1%	746: 1%	747: 1%	748: 1%	749: 1%	750: 1%	751: 1%	752: 1%	753: 1%	754: 1%	755: 1%	756: 1%	757: 1%	758: 1%	759: 1%	760: 1%	
761: 1%	762: 1%	763: 1%	764: 1%	765: 1%	766: 1%	767: 1%	768: 1%	769: 1%	770: 1%	771: 2%	772: 2%	773: 2%	774: 2%	775: 2%	776: 2%	777: 2%	778: 2%	779: 2%	780: 2%	
781: 2%	782: 2%	783: 2%	784: 2%	785: 2%	786: 2%	787: 2%	788: 2%	789: 2%	790: 2%	791: 2%	792: 2%	793: 1%	794: 1%	795: 1%	796: 1%	797: 1%	798: 1%	799: 1%	800: 1%	
801: 1%	802: 1%	803: 1%	804: 1%	805: 1%	806: 1%	807: 1%	808: 1%	809: 1%	810: 2%	811: 2%	812: 2%	813: 2%	814: 2%	815: 2%	816: 2%	817: 2%	818: 2%	819: 2%	820: 2%	
821: 2%	822: 2%	823: 2%	824: 2%	825: 2%	826: 2%	827: 1%	828: 1%	829: 1%	830: 1%	831: 1%	832: 1%	833: 1%	834: 1%	835: 1%	836: 1%	837: 1%	838: 1%	839: 1%	840: 1%	
841: 1%	842: 1%	843: 1%	844: 0%	845: 0%	846: 0%	847: 0%	848: 0%	849: 0%	850: 0%	851: 0%	852: 0%	853: 0%	854: 0%	855: 0%	856: 0%	857: 0%	858: 0%	859: 0%	860: 0%	
861: 0%	862: 0%	863: 0%	864: 0%	865: 0%	866: 0%	867: 0%	868: 0%	869: 0%	870: 0%	871: 0%	872: 0%	873: 0%	874: 0%	875: 0%	876: 0%	877: 0%	878: 0%	879: 0%	880: 0%	
881: 0%	882: 0%	883: 0%	884: 0%	885: 0%	886: 0%	887: 0%	888: 0%	889: 0%	890: 0%	891: 0%	892: 0%	893: 0%	894: 0%	895: 0%	896: 0%	897: 0%	898: 0%	899: 0%	900: 0%	
901: 0%	902: 0%	903: 0%	904: 0%	905: 0%	906: 0%	907: 0%	908: 0%	909: 0%	910: 0%	911: 0%	912: 0%	913: 0%	914: 0%	915: 0%	916: 0%	917: 0%	918: 0%	919: 0%	920: 0%	
921: 0%	922: 0%	923: 0%	924: 0%	925: 0%	926: 0%	927: 0%	928: 0%	929: 0%	930: 0%	931: 0%	932: 0%	933: 0%	934: 0%	935: 0%	936: 0%	937: 0%	938: 0%	939: 0%	940: 0%	
941: 0%	942: 0%	943: 0%	944: 0%	945: 0%	946: 0%	947: 0%	948: 0%	949: 0%	950: 0%	951: 0%	952: 0%	953: 0%	954: 0%	955: 0%	956: 0%	957: 0%	958: 0%	959: 0%	960: 0%	
961: 0%	962: 0%	963: 0%	964: 0%	965: 0%	966: 0%	967: 0%	968: 0%	969: 0%	970: 0%	971: 0%	972: 0%	973: 0%	974: 0%	975: 0%	976: 0%	977: 0%	978: 0%	979: 0%	980: 0%	
981: 0%	982: 0%	983: 0%	984: 0%	985: 0%	986: 0%	987: 0%	988: 0%	989: 0%	990: 0%	991: 0%	992: 0%	993: 0%	994: 0%	995: 0%	996: 0%	997: 0%	998: 0%	999: 0%	1000: 0%	

Printing fails for Morris Plus Plus Algorithm:

1: 0%	2: 0%	3: 0%	4: 0%	5: 0%	6: 0%	7: 0%	8: 0%	9: 0%	10: 0%	11: 0%	12: 0%	13: 0%	14: 0%	15: 0%	16: 0%	17: 0%	18: 0%	19: 0%	20: 0%	
21: 0%	22: 0%	23: 0%	24: 0%	25: 0%	26: 0%	27: 0%	28: 0%	29: 0%	30: 0%	31: 0%	32: 0%	33: 0%	34: 0%	35: 0%	36: 0%	37: 0%	38: 0%	39: 0%	40: 0%	
41: 0%	42: 0%	43: 0%	44: 0%	45: 0%	46: 0%	47: 0%	48: 0%	49: 0%	50: 0%	51: 0%	52: 0%	53: 0%	54: 0%	55: 0%	56: 0%	57: 0%	58: 0%	59: 0%	60: 0%	
61: 0%	62: 0%	63: 0%	64: 0%	65: 0%	66: 0%	67: 0%	68: 0%	69: 0%	70: 0%	71: 0%	72: 0%	73: 0%	74: 0%	75: 0%	76: 0%	77: 0%	78: 0%	79: 0%	80: 0%	
81: 0%	82: 0%	83: 0%	84: 0%	85: 0%	86: 0%	87: 0%	88: 0%	89: 0%	90: 0%	91: 0%	92: 0%	93: 0%	94: 0%	95: 0%	96: 0%	97: 0%	98: 0%	99: 0%	100: 0%	
101: 0%	102: 0%	103: 0%	104: 0%	105: 0%	106: 0%	107: 0%	108: 0%	109: 0%	110: 0%	111: 0%	112: 0%	113: 0%	114: 0%	115: 0%	116: 0%	117: 0%	118: 0%	119: 0%	120: 0%	
121: 0%	122: 0%	123: 0%	124: 0%	125: 0%	126: 0%	127: 0%	128: 0%	129: 0%	130: 0%	131: 0%	132: 0%	133: 0%	134: 0%	135: 0%	136: 0%	137: 0%	138: 0%	139: 0%	140: 0%	
141: 0%	142: 0%	143: 0%	144: 0%	145: 0%	146: 0%	147: 0%	148: 0%	149: 0%	150: 0%	151: 0%	152: 0%	153: 0%	154: 0%	155: 0%	156: 0%	157: 0%	158: 0%	159: 0%	160: 0%	
161: 0%	162: 0%	163: 0%	164: 0%	165: 0%	166: 0%	167: 0%	168: 0%	169: 0%	170: 0%	171: 0%	172: 0%	173: 0%	174: 0%	175: 0%	176: 0%	177: 0%	178: 0%	179: 0%	180: 0%	
181: 0%	182: 0%	183: 0%	184: 0%	185: 0%	186: 0%	187: 0%	188: 0%	189: 0%	190: 0%	191: 0%	192: 0%	193: 0%	194: 0%	195: 0%	196: 0%	197: 0%	198: 0%	199: 0%	200: 0%	
201: 0%	202: 0%	203: 0%	204: 0%	205: 0%	206: 0%	207: 0%	208: 0%	209: 0%	210: 0%	211: 0%	212: 0%	213: 0%	214: 0%	215: 0%	216: 0%	217: 0%	218: 0%	219: 0%	220: 0%	
221: 0%	222: 0%	223: 0%	224: 0%	225: 0%	226: 0%	227: 0%	228: 0%	229: 0%	230: 0%	231: 0%	232: 0%	233: 0%	234: 0%	235: 0%	236: 0%	237: 0%	238: 0%	239: 0%	240: 0%	
241: 0%	242: 0%	243: 0%	244: 0%	245: 0%	246: 0%	247: 0%	248: 0%	249: 0%	250: 0%	251: 0%	252: 0%	253: 0%	254: 0%	255: 0%	256: 0%	257: 0%	258: 0%	259: 0%	260: 0%	
261: 0%	262: 0%	263: 0%	264: 0%	265: 0%	266: 0%	267: 0%	268: 0%	269: 0%	270: 0%	271: 0%	272: 0%	273: 0%	274: 0%	275: 0%	276: 0%	277: 0%	278: 0%	279: 0%	280: 0%	
281: 0%	282: 0%	283: 0%	284: 0%	285: 0%	286: 0%	287: 0%	288: 0%	289: 0%	290: 0%	291: 0%	292: 0%	293: 0%	294: 0%	295: 0%	296: 0%	297: 0%	298: 0%	299: 0%	300: 0%	
301: 0%	302: 0%	303: 0%	304: 0%	305: 0%	306: 0%	307: 0%	308: 0%	309: 0%	310: 0%	311: 0%	312: 0%	313: 0%	314: 0%	315: 0%	316: 0%	317: 0%	318: 0%	319: 0%	320: 0%	
321: 0%	322: 0%	323: 0%	324: 0%	325: 0%	326: 0%	327: 0%	328: 0%	329: 0%	330: 0%	331: 0%	332: 0%	333: 0%	334: 0%	335: 0%	336: 0%	337: 0%	338: 0%	339: 0%	340: 0%	
341: 0%	342: 0%	343: 0%	344: 0%	345: 0%	346: 0%	347: 0%	348: 0%	349: 0%	350: 0%	351: 0%	352: 0%	353: 0%	354: 0%	355: 0%	356: 0%	357: 0%	358: 0%	359: 0%	360: 0%	
361: 0%	362: 0%	363: 0%	364: 0%	365: 0%	366: 0%	367: 0%	368: 0%	369: 0%	370: 0%	371: 0%	372: 0%	373: 0%	374: 0%	375: 0%	376: 0%	377: 0%	378: 0%	379: 0%	380: 0%	
381: 0%	382: 0%	383: 0%	384: 0%	385: 0%	386: 0%	387: 0%	388: 0%	389: 0%	390: 0%	391: 0%	392: 0%	393: 0%	394: 0%	395: 0%	396: 0%	397: 0%	398: 0%	399: 0%	400: 0%	
401: 0%	402: 0%	403: 0%	404: 0%	405: 0%	406: 0%	407: 0%	408: 0%	409: 0%	410: 0%	411: 0%	412: 0%	413: 0%	414: 0%	415: 0%	416: 0%	417: 0%	418: 0%	419: 0%	420: 0%	
421: 0%	422: 0%	423: 0%	424: 0%	425: 0%	426: 0%	427: 0%	428: 0%	429: 0%	430: 0%	431: 0%	432: 0%	433: 0%	434: 0%	435: 0%	436: 0%	437: 0%	438: 0%	439: 0%	440: 0%	
441: 0%	442: 0%	443: 0%	444: 0%	445: 0%	446: 0%	447: 0%	448: 0%	449: 0%	450: 0%	451: 0%	452: 0%	453: 0%	454: 0%	455: 0%	456: 0%	457: 0%	458: 0%	459: 0%	460: 0%	
461: 0%	462: 0%	463: 0%	464: 0%	465: 0%	466: 0%	467: 0%	468: 0%	469: 0%	470: 0%	471: 0%	472: 0%	473: 0%	474: 0%	475: 0%	476: 0%	477: 0%	478: 0%	479: 0%	480: 0%	
481: 0%	482: 0%	483: 0%	484: 0%	485: 0%	486: 0%	487: 0%	488: 0%	489: 0%	490: 0%	491: 0%	492: 0%	493: 0%	494: 0%	495: 0%	496: 0%	497: 0%	498: 0%	499: 0%	500: 0%	
501: 0%	502: 0%	503: 0%	504: 0%	505: 0%	506: 0%	507: 0%	508: 0%	509: 0%	510: 0%	511: 0%	512: 0%	513: 0%	514: 0%	515: 0%	516: 0%	517: 0%	518: 0%	519: 0%	520: 0%	
521: 0%	522: 0%	523: 0%	524: 0%	525: 0%	526: 0%	527: 0%	528: 0%	529: 0%	530: 0%	531: 0%	532: 0%	533: 0%	534: 0%	535: 0%	536: 0%	537: 0%	538: 0%	539: 0%	540: 0%	
541: 0%	542: 0%	543: 0%	544: 0%	545: 0%	546: 0%	547: 0%	548: 0%	549: 0%	550: 0%	551: 0%	552: 0%	553: 0%	554: 0%	555: 0%	556: 0%	557: 0%	558: 0%	559: 0%	560: 0%	
561: 0%	562: 0%	563: 0%	564: 0%	565: 0%	566: 0%	567: 0%	568: 0%	569: 0%	570: 0%	571: 0%	572: 0%	573: 0%	574: 0%	575: 0%	576: 0%	577: 0%	578: 0%	579: 0%	580: 0%	
581: 0%	582: 0%	583: 0%	584: 0%	585: 0%	586: 0%	587: 0%	588: 0%	589: 0%	590: 0%	591: 0%	592: 0%	593: 0%	594: 0%	595: 0%	596: 0%	597: 0%	598: 0%	599: 0%	600: 0%	
601: 0%	602: 0%	603: 0%	604: 0%	605: 0%	606: 0%	607: 0%	608: 0%	609: 0%	610: 0%	611: 0%	612: 0%	613: 0%	614: 0%	615: 0%	616: 0%	617: 0%	618: 0%	619: 0%	620: 0%	
621: 0%	622: 0%	623: 0%	624: 0%	625: 0%	626: 0%	627: 0%	628: 0%	629: 0%	630: 0%	631: 0%	632: 0%	633: 0%	634: 0%	635: 0%	636: 0%	637: 0%	638: 0%	639: 0%	640: 0%	
641: 0%	642: 0%	643: 0%	644: 0%	645: 0%	646: 0%	647: 0%	648: 0%	649: 0%	650: 0%	651: 0%	652: 0%	653: 0%	654: 0%	655: 0%	656: 0%	657: 0%	658: 0%	659: 0%	660: 0%	
661: 0%	662: 0%	663: 0%	664: 0%	665: 0%	666: 0%	667: 0%	668: 0%	669: 0%	670: 0%	671: 0%	672: 0%	673: 0%	674: 0%	675: 0%	676: 0%	677: 0%	678: 0%	679: 0%	680: 0%	
681: 0%	682: 0%	683: 0%	684: 0%	685: 0%	686: 0%	687: 0%	688: 0%	689: 0%	690: 0%	691: 0%	692: 0%	693: 0%	694: 0%	695: 0%	696: 0%	697: 0%	698: 0%	699: 0%	700: 0%	
701: 0%	702: 0%	703: 0%	704: 0%	705: 0%	706: 0%	707: 0%	708: 0%	709: 0%	710: 0%	711: 0%	712: 0%	713: 0%	714: 0%	715: 0%	716: 0%	717: 0%	718: 0%	719: 0%	720: 0%	
721: 0%	722: 0%	723: 0%	724: 0%	725: 0%	726: 0%	727: 0%	728: 0%	729: 0%	730: 0%	731: 0%	732: 0%	733: 0%	734: 0%	735: 0%	736: 0%	737: 0%	738: 0%	739: 0%	740: 0%	
741: 0%	742: 0%	743: 0%	744: 0%	745: 0%	746: 0%	747: 0%	748: 0%	749: 0%	750: 0%	751: 0%	752: 0%	753: 0%	754: 0%	755: 0%	756: 0%	757: 0%	758: 0%	759: 0%	760: 0%	
761: 0%	762: 0%	763: 0%	764: 0%	765: 0%	766: 0%	767: 0%	768: 0%	769: 0%	770: 0%	771: 0%	772: 0%	773: 0%	774: 0%	775: 0%	776: 0%	777: 0%	778: 0%	779: 0%	780: 0%	
781: 0%	782: 0%	783: 0%	784: 0%	785: 0%	786: 0%	787: 0%	788: 0%	789: 0%	790: 0%	791: 0%	792: 0%	793: 0%	794: 0%	795: 0%	796: 0%	797: 0%	798: 0%	799: 0%	800: 0%	
801: 0%	802: 0%	803: 0%	804: 0%	805: 0%	806: 0%	807: 0%	808: 0%	809: 0%	810: 0%	811: 0%	812: 0%	813: 0%	814: 0%	815: 0%	816: 0%	817: 0%	818: 0%	819: 0%	820: 0%	
821: 0%	822: 0%	823: 0%	824: 0%	825: 0%	826: 0%	827: 0%	828: 0%	829: 0%	830: 0%	831: 0%	832: 0%	833: 0%	834: 0%	835: 0%	836: 0%	837: 0%	838: 0%	839: 0%	840: 0%	
841: 0%	842: 0%	843: 0%	844: 0%	845: 0%	846: 0%	847: 0%	848: 0%	849: 0%	850: 0%	851: 0%	852: 0%	853: 0%	854: 0%	855: 0%	856: 0%	857: 0%	858: 0%	859: 0%	860: 0%	
861: 0%	862: 0%	863: 0%	864: 0%	865: 0%	866: 0%	867: 0%	868: 0%	869: 0%	870: 0%	871: 0%	872: 0%	873: 0%	874: 0%	875: 0%	876: 0%	877: 0%	878: 0%	879: 0%	880: 0%	
881: 0%	882: 0%	883: 0%	884: 0%	885: 0%	886: 0%	887: 0%	888: 0%	889: 0%	890: 0%	891: 0%	892: 0%	893: 0%	894: 0%	895: 0%	896: 0%	897: 0%	898: 0%	899: 0%	900: 0%	
901: 0%	902: 0%	903: 0%	904: 0%	905: 0%	906: 0%	907: 0%	908: 0%	909: 0%	910: 0%	911: 0%	912: 0%	913: 0%	914: 0%	915: 0%	916: 0%	917: 0%	918: 0%	919: 0%	920: 0%	
921: 0%	922: 0%	923: 0%	924: 0%	925: 0%	926: 0%	927: 0%	928: 0%	929: 0%	930: 0%	931: 0%	932: 0%	933: 0%	934: 0%	935: 0%	936: 0%	937: 0%	938: 0%	939: 0%	940: 0%	
941: 0%	942: 0%	943: 0%	944: 0%	945: 0%	946: 0%	947: 0%	948: 0%	949: 0%	950: 0%	951: 0%	952: 0%	953: 0%	954: 0%	955: 0%	956: 0%	957: 0%	958: 0%	959: 0%	960: 0%	
961: 0%	962: 0%	963: 0%	964: 0%	965: 0%	966: 0%	967: 0%	968: 0%	969: 0%	970: 0%	971: 0%	972: 0%	973: 0%	974: 0%	975: 0%	976: 0%	977: 0%	978: 0%	979: 0%	980: 0%	
981: 0%	982: 0%	983: 0%	984: 0%	985: 0%	986: 0%	987: 0%	988: 0%	989: 0%	990: 0%	991: 0%	992: 0%	993: 0%	994: 0%	995: 0%	996: 0%	997: 0%	998: 0%	999: 0%	1000: 0%	
